2022-09-07 01:55:56,696:INFO:Initializing predict_model()
2022-09-07 01:55:56,697:INFO:predict_model(estimator=['type' 'amount' 'oldbalanceOrg' 'newbalanceOrig'], probability_threshold=None, encoded_labels=False, round=4, verbose=True, ml_usecase=MLUsecase.CLASSIFICATION, display=None)
2022-09-07 01:55:56,697:INFO:Checking exceptions
2022-09-07 01:55:56,697:INFO:Preloading libraries
2022-09-07 01:55:56,698:ERROR:Pipeline not found. Exception:
2022-09-07 01:55:56,750:ERROR:Traceback (most recent call last):
  File "C:\Users\ztbl\anaconda3\envs\Streamlit\lib\site-packages\pycaret\internal\tabular.py", line 8318, in predict_model
    dtypes = prep_pipe.named_steps["dtypes"]
NameError: name 'prep_pipe' is not defined

2022-09-08 00:24:24,543:INFO:Initializing load_model()
2022-09-08 00:24:24,544:INFO:load_model(model_name=Fraud Detection, platform=None, authentication=None, verbose=True)
2022-09-08 00:28:17,193:INFO:Initializing load_model()
2022-09-08 00:28:17,194:INFO:load_model(model_name=Fraud Detection, platform=None, authentication=None, verbose=True)
2022-09-08 00:30:02,270:INFO:Initializing load_model()
2022-09-08 00:30:02,272:INFO:load_model(model_name=Fraud Detection, platform=None, authentication=None, verbose=True)
2022-09-08 00:34:31,769:INFO:Initializing load_model()
2022-09-08 00:34:31,769:INFO:load_model(model_name=Fraud Detection, platform=None, authentication=None, verbose=True)
2022-09-08 00:35:40,932:INFO:Initializing load_model()
2022-09-08 00:35:40,933:INFO:load_model(model_name=Fraud Detection, platform=None, authentication=None, verbose=True)
2022-09-08 00:35:57,865:INFO:Initializing load_model()
2022-09-08 00:35:57,866:INFO:load_model(model_name=Fraud Detection, platform=None, authentication=None, verbose=True)
2022-09-08 00:36:00,399:INFO:Initializing load_model()
2022-09-08 00:36:00,424:INFO:load_model(model_name=Fraud Detection, platform=None, authentication=None, verbose=True)
2022-09-08 00:36:02,415:INFO:Initializing load_model()
2022-09-08 00:36:02,432:INFO:load_model(model_name=Fraud Detection, platform=None, authentication=None, verbose=True)
2022-09-08 00:36:04,983:INFO:Initializing load_model()
2022-09-08 00:36:04,987:INFO:load_model(model_name=Fraud Detection, platform=None, authentication=None, verbose=True)
2022-09-08 00:36:06,398:INFO:Initializing load_model()
2022-09-08 00:36:06,405:INFO:load_model(model_name=Fraud Detection, platform=None, authentication=None, verbose=True)
2022-09-08 00:42:45,427:INFO:Initializing load_model()
2022-09-08 00:42:45,429:INFO:load_model(model_name=Fraud Detection, platform=None, authentication=None, verbose=True)
2022-09-08 00:42:55,641:INFO:Initializing load_model()
2022-09-08 00:42:55,643:INFO:load_model(model_name=Fraud Detection, platform=None, authentication=None, verbose=True)
2022-09-08 00:42:57,469:INFO:Initializing load_model()
2022-09-08 00:42:57,495:INFO:load_model(model_name=Fraud Detection, platform=None, authentication=None, verbose=True)
2022-09-08 00:43:01,755:INFO:Initializing load_model()
2022-09-08 00:43:01,757:INFO:load_model(model_name=Fraud Detection, platform=None, authentication=None, verbose=True)
2022-09-08 00:43:37,521:INFO:Initializing load_model()
2022-09-08 00:43:37,523:INFO:load_model(model_name=Fraud Detection, platform=None, authentication=None, verbose=True)
2022-09-08 00:43:44,819:INFO:Initializing load_model()
2022-09-08 00:43:44,835:INFO:load_model(model_name=Fraud Detection, platform=None, authentication=None, verbose=True)
2022-09-08 00:43:52,036:INFO:Initializing load_model()
2022-09-08 00:43:52,052:INFO:load_model(model_name=Fraud Detection, platform=None, authentication=None, verbose=True)
2022-09-08 00:43:53,552:INFO:Initializing load_model()
2022-09-08 00:43:53,563:INFO:load_model(model_name=Fraud Detection, platform=None, authentication=None, verbose=True)
2022-09-08 00:43:54,358:INFO:Initializing load_model()
2022-09-08 00:43:54,368:INFO:load_model(model_name=Fraud Detection, platform=None, authentication=None, verbose=True)
2022-09-08 15:19:14,863:INFO:Initializing load_model()
2022-09-08 15:19:14,886:INFO:load_model(model_name=Detection model, platform=None, authentication=None, verbose=True)
2022-09-08 15:25:00,823:INFO:Initializing load_model()
2022-09-08 15:28:12,814:INFO:Initializing load_model()
2022-09-08 15:28:23,362:INFO:Initializing load_model()
2022-09-08 15:28:23,364:INFO:load_model(model_name=Detection model, platform=None, authentication=None, verbose=True)
2022-09-08 15:30:21,179:INFO:Initializing load_model()
2022-09-08 15:30:21,181:INFO:load_model(model_name=Detection model, platform=None, authentication=None, verbose=True)
2022-09-08 15:38:03,724:INFO:Initializing load_model()
2022-09-08 15:38:03,730:INFO:load_model(model_name=Detection model, platform=None, authentication=None, verbose=True)
2022-09-08 15:38:37,587:INFO:Initializing load_model()
2022-09-08 15:38:37,587:INFO:load_model(model_name=Detection model, platform=None, authentication=None, verbose=True)
2022-09-08 15:38:51,288:INFO:Initializing load_model()
2022-09-08 15:38:51,289:INFO:load_model(model_name=Detection model, platform=None, authentication=None, verbose=True)
2022-09-08 15:38:54,530:INFO:Initializing load_model()
2022-09-08 15:38:54,533:INFO:load_model(model_name=Detection model, platform=None, authentication=None, verbose=True)
2022-09-08 15:38:56,770:INFO:Initializing load_model()
2022-09-08 15:38:56,772:INFO:load_model(model_name=Detection model, platform=None, authentication=None, verbose=True)
2022-09-08 15:39:00,893:INFO:Initializing load_model()
2022-09-08 15:39:00,897:INFO:load_model(model_name=Detection model, platform=None, authentication=None, verbose=True)
2022-09-08 23:33:07,953:INFO:Initializing load_model()
2022-09-08 23:33:07,958:INFO:load_model(model_name=Model, platform=None, authentication=None, verbose=True)
2022-09-08 23:35:10,233:INFO:Initializing load_model()
2022-09-08 23:35:10,237:INFO:load_model(model_name=Model, platform=None, authentication=None, verbose=True)
2022-09-08 23:35:25,232:INFO:Initializing load_model()
2022-09-08 23:35:25,235:INFO:load_model(model_name=Model, platform=None, authentication=None, verbose=True)
2022-09-08 23:35:30,513:INFO:Initializing load_model()
2022-09-08 23:35:30,515:INFO:load_model(model_name=Model, platform=None, authentication=None, verbose=True)
2022-09-08 23:35:32,386:INFO:Initializing load_model()
2022-09-08 23:35:32,399:INFO:load_model(model_name=Model, platform=None, authentication=None, verbose=True)
2022-09-08 23:35:38,509:INFO:Initializing load_model()
2022-09-08 23:35:38,510:INFO:load_model(model_name=Model, platform=None, authentication=None, verbose=True)
2022-09-08 23:49:34,888:INFO:Initializing load_model()
2022-09-08 23:49:34,890:INFO:load_model(model_name=Model, platform=None, authentication=None, verbose=True)
2022-09-08 23:49:43,524:INFO:Initializing load_model()
2022-09-08 23:49:43,526:INFO:load_model(model_name=Model, platform=None, authentication=None, verbose=True)
2022-09-08 23:49:45,044:INFO:Initializing load_model()
2022-09-08 23:49:45,069:INFO:load_model(model_name=Model, platform=None, authentication=None, verbose=True)
2022-09-08 23:49:45,603:INFO:Initializing load_model()
2022-09-08 23:49:45,606:INFO:load_model(model_name=Model, platform=None, authentication=None, verbose=True)
2022-09-08 23:49:45,902:INFO:Initializing load_model()
2022-09-08 23:49:45,910:INFO:load_model(model_name=Model, platform=None, authentication=None, verbose=True)
2022-09-08 23:49:46,149:INFO:Initializing load_model()
2022-09-08 23:49:46,162:INFO:load_model(model_name=Model, platform=None, authentication=None, verbose=True)
2022-09-08 23:51:18,385:INFO:Initializing load_model()
2022-09-08 23:51:18,387:INFO:load_model(model_name=Model, platform=None, authentication=None, verbose=True)
2022-09-08 23:51:43,516:INFO:Initializing load_model()
2022-09-08 23:51:43,517:INFO:load_model(model_name=Model, platform=None, authentication=None, verbose=True)
2022-09-08 23:51:51,482:INFO:Initializing load_model()
2022-09-08 23:51:51,485:INFO:load_model(model_name=Model, platform=None, authentication=None, verbose=True)
2022-09-08 23:51:55,616:INFO:Initializing load_model()
2022-09-08 23:51:55,619:INFO:load_model(model_name=Model, platform=None, authentication=None, verbose=True)
2022-09-08 23:51:57,556:INFO:Initializing load_model()
2022-09-08 23:51:57,556:INFO:load_model(model_name=Model, platform=None, authentication=None, verbose=True)
2022-09-08 23:52:01,372:INFO:Initializing load_model()
2022-09-08 23:52:01,376:INFO:load_model(model_name=Model, platform=None, authentication=None, verbose=True)
2022-09-08 23:56:27,990:INFO:Initializing load_model()
2022-09-08 23:56:27,990:INFO:load_model(model_name=Model, platform=None, authentication=None, verbose=True)
2022-09-08 23:56:40,281:INFO:Initializing load_model()
2022-09-08 23:56:40,281:INFO:load_model(model_name=Model, platform=None, authentication=None, verbose=True)
2022-09-08 23:56:51,101:INFO:Initializing load_model()
2022-09-08 23:56:51,104:INFO:load_model(model_name=Model, platform=None, authentication=None, verbose=True)
2022-09-08 23:56:58,362:INFO:Initializing load_model()
2022-09-08 23:56:58,362:INFO:load_model(model_name=Model, platform=None, authentication=None, verbose=True)
2022-09-08 23:57:03,992:INFO:Initializing load_model()
2022-09-08 23:57:03,993:INFO:load_model(model_name=Model, platform=None, authentication=None, verbose=True)
2022-09-08 23:57:05,366:INFO:Initializing load_model()
2022-09-08 23:57:05,367:INFO:load_model(model_name=Model, platform=None, authentication=None, verbose=True)
2022-09-08 23:57:09,701:INFO:Initializing load_model()
2022-09-08 23:57:09,702:INFO:load_model(model_name=Model, platform=None, authentication=None, verbose=True)
2022-09-09 00:46:23,441:INFO:Initializing load_model()
2022-09-09 00:46:23,445:INFO:load_model(model_name=Model, platform=None, authentication=None, verbose=True)
2022-09-09 00:47:03,425:INFO:Initializing load_model()
2022-09-09 00:47:03,674:INFO:load_model(model_name=Model, platform=None, authentication=None, verbose=True)
2022-09-09 00:48:11,708:INFO:Initializing load_model()
2022-09-09 00:48:11,709:INFO:load_model(model_name=Model, platform=None, authentication=None, verbose=True)
2022-09-09 00:48:12,843:INFO:Initializing load_model()
2022-09-09 00:48:12,970:INFO:load_model(model_name=Model, platform=None, authentication=None, verbose=True)
2022-09-09 00:48:15,888:INFO:Initializing load_model()
2022-09-09 00:48:15,889:INFO:load_model(model_name=Model, platform=None, authentication=None, verbose=True)
2022-09-09 00:48:19,100:INFO:Initializing load_model()
2022-09-09 00:48:19,101:INFO:load_model(model_name=Model, platform=None, authentication=None, verbose=True)
2022-09-09 00:49:20,462:INFO:Initializing load_model()
2022-09-09 00:49:20,464:INFO:load_model(model_name=Model, platform=None, authentication=None, verbose=True)
2022-09-09 00:49:33,543:INFO:Initializing load_model()
2022-09-09 00:49:33,545:INFO:load_model(model_name=Model, platform=None, authentication=None, verbose=True)
2022-09-09 00:49:43,349:INFO:Initializing load_model()
2022-09-09 00:49:43,350:INFO:load_model(model_name=Model, platform=None, authentication=None, verbose=True)
2022-09-09 00:49:47,971:INFO:Initializing load_model()
2022-09-09 00:49:47,972:INFO:load_model(model_name=Model, platform=None, authentication=None, verbose=True)
2022-09-09 00:49:52,414:INFO:Initializing load_model()
2022-09-09 00:49:52,415:INFO:load_model(model_name=Model, platform=None, authentication=None, verbose=True)
2022-09-09 00:49:56,732:INFO:Initializing load_model()
2022-09-09 00:49:56,734:INFO:load_model(model_name=Model, platform=None, authentication=None, verbose=True)
2022-09-09 00:50:54,124:INFO:Initializing load_model()
2022-09-09 00:50:54,124:INFO:load_model(model_name=Model, platform=None, authentication=None, verbose=True)
2022-09-09 00:51:24,033:INFO:Initializing load_model()
2022-09-09 00:51:24,038:INFO:load_model(model_name=Model, platform=None, authentication=None, verbose=True)
2022-10-25 10:49:19,995:INFO:Initializing load_model()
2022-10-25 10:49:20,006:INFO:load_model(model_name=Model, platform=None, authentication=None, verbose=True)
2022-10-25 10:52:35,983:INFO:Initializing load_model()
2022-10-25 10:52:35,983:INFO:load_model(model_name=Model, platform=None, authentication=None, verbose=True)
2022-10-25 10:52:59,873:INFO:Initializing load_model()
2022-10-25 10:52:59,873:INFO:Initializing load_model()
2022-10-25 10:52:59,873:INFO:load_model(model_name=Model, platform=None, authentication=None, verbose=True)
2022-10-25 10:52:59,873:INFO:load_model(model_name=Model, platform=None, authentication=None, verbose=True)
2022-10-25 10:53:29,739:INFO:Initializing load_model()
2022-10-25 10:53:29,739:INFO:load_model(model_name=Model, platform=None, authentication=None, verbose=True)
2022-10-25 10:53:42,113:INFO:Initializing load_model()
2022-10-25 10:53:42,113:INFO:load_model(model_name=Model, platform=None, authentication=None, verbose=True)
2022-10-25 10:53:49,374:INFO:Initializing load_model()
2022-10-25 10:53:49,377:INFO:load_model(model_name=Model, platform=None, authentication=None, verbose=True)
2022-10-25 10:53:54,580:INFO:Initializing load_model()
2022-10-25 10:53:54,580:INFO:load_model(model_name=Model, platform=None, authentication=None, verbose=True)
2022-10-25 10:53:57,794:INFO:Initializing load_model()
2022-10-25 10:53:57,798:INFO:load_model(model_name=Model, platform=None, authentication=None, verbose=True)
2022-10-25 10:56:27,106:INFO:Initializing load_model()
2022-10-25 10:56:27,106:INFO:load_model(model_name=Model, platform=None, authentication=None, verbose=True)
2022-10-25 10:56:35,233:INFO:Initializing load_model()
2022-10-25 10:56:35,234:INFO:load_model(model_name=Model, platform=None, authentication=None, verbose=True)
2022-10-25 10:56:43,909:INFO:Initializing load_model()
2022-10-25 10:56:43,909:INFO:load_model(model_name=Model, platform=None, authentication=None, verbose=True)
2022-10-25 10:56:54,700:INFO:Initializing load_model()
2022-10-25 10:56:54,700:INFO:load_model(model_name=Model, platform=None, authentication=None, verbose=True)
2022-10-25 10:57:08,549:INFO:Initializing load_model()
2022-10-25 10:57:08,549:INFO:load_model(model_name=Model, platform=None, authentication=None, verbose=True)
2022-10-25 10:57:08,934:INFO:Initializing load_model()
2022-10-25 10:57:08,934:INFO:load_model(model_name=Model, platform=None, authentication=None, verbose=True)
2022-10-25 11:28:07,376:INFO:Initializing load_model()
2022-10-25 11:28:07,381:INFO:load_model(model_name=Model, platform=None, authentication=None, verbose=True)
2022-10-25 11:32:14,561:INFO:Initializing load_model()
2022-10-25 11:32:14,562:INFO:load_model(model_name=Model, platform=None, authentication=None, verbose=True)
2022-10-25 11:32:26,638:INFO:Initializing load_model()
2022-10-25 11:32:26,641:INFO:load_model(model_name=Model, platform=None, authentication=None, verbose=True)
2022-10-25 11:32:34,898:INFO:Initializing load_model()
2022-10-25 11:32:34,898:INFO:load_model(model_name=Model, platform=None, authentication=None, verbose=True)
2022-10-25 11:32:45,335:INFO:Initializing load_model()
2022-10-25 11:32:45,335:INFO:load_model(model_name=Model, platform=None, authentication=None, verbose=True)
2022-10-25 11:33:00,295:INFO:Initializing load_model()
2022-10-25 11:33:00,296:INFO:load_model(model_name=Model, platform=None, authentication=None, verbose=True)
2022-10-25 11:33:00,672:INFO:Initializing load_model()
2022-10-25 11:33:00,672:INFO:load_model(model_name=Model, platform=None, authentication=None, verbose=True)
2022-10-25 11:53:26,034:INFO:Initializing load_model()
2022-10-25 11:53:26,034:INFO:load_model(model_name=Model, platform=None, authentication=None, verbose=True)
2022-10-25 11:53:46,472:INFO:Initializing load_model()
2022-10-25 11:53:46,472:INFO:load_model(model_name=Model, platform=None, authentication=None, verbose=True)
2022-10-25 11:54:35,920:INFO:Initializing load_model()
2022-10-25 11:54:35,921:INFO:load_model(model_name=Model, platform=None, authentication=None, verbose=True)
2022-10-27 01:01:56,340:INFO:Initializing load_model()
2022-10-27 01:01:56,357:INFO:load_model(model_name=Model, platform=None, authentication=None, verbose=True)
2022-10-27 01:02:17,175:INFO:Initializing load_model()
2022-10-27 01:02:17,175:INFO:load_model(model_name=Model, platform=None, authentication=None, verbose=True)
2022-10-27 01:02:30,114:INFO:Initializing load_model()
2022-10-27 01:02:30,114:INFO:load_model(model_name=Model, platform=None, authentication=None, verbose=True)
2022-10-27 01:02:34,929:INFO:Initializing load_model()
2022-10-27 01:02:34,929:INFO:load_model(model_name=Model, platform=None, authentication=None, verbose=True)
2022-10-27 01:02:44,802:INFO:Initializing load_model()
2022-10-27 01:02:44,818:INFO:load_model(model_name=Model, platform=None, authentication=None, verbose=True)
2022-10-27 01:02:48,103:INFO:Initializing load_model()
2022-10-27 01:02:48,104:INFO:load_model(model_name=Model, platform=None, authentication=None, verbose=True)
2022-10-27 01:02:48,410:INFO:Initializing load_model()
2022-10-27 01:02:48,410:INFO:load_model(model_name=Model, platform=None, authentication=None, verbose=True)
2022-10-28 23:46:44,846:INFO:Initializing load_model()
2022-10-28 23:46:44,872:INFO:load_model(model_name=Model, platform=None, authentication=None, verbose=True)
2022-10-28 23:46:59,304:INFO:Initializing load_model()
2022-10-28 23:46:59,308:INFO:load_model(model_name=Model, platform=None, authentication=None, verbose=True)
2022-10-28 23:47:06,774:INFO:Initializing load_model()
2022-10-28 23:47:06,775:INFO:load_model(model_name=Model, platform=None, authentication=None, verbose=True)
2022-10-28 23:47:11,346:INFO:Initializing load_model()
2022-10-28 23:47:11,346:INFO:load_model(model_name=Model, platform=None, authentication=None, verbose=True)
2022-10-28 23:47:13,802:INFO:Initializing load_model()
2022-10-28 23:47:13,803:INFO:load_model(model_name=Model, platform=None, authentication=None, verbose=True)
2022-10-29 02:22:29,395:INFO:Initializing load_model()
2022-10-29 02:22:29,451:INFO:load_model(model_name=Model, platform=None, authentication=None, verbose=True)
2022-10-29 02:29:25,218:INFO:Initializing load_model()
2022-10-29 02:29:25,220:INFO:load_model(model_name=Model, platform=None, authentication=None, verbose=True)
2022-10-29 02:29:41,090:INFO:Initializing load_model()
2022-10-29 02:29:41,093:INFO:load_model(model_name=Model, platform=None, authentication=None, verbose=True)
2022-10-29 02:30:06,571:INFO:Initializing load_model()
2022-10-29 02:30:06,572:INFO:load_model(model_name=Model, platform=None, authentication=None, verbose=True)
2022-10-29 02:30:13,490:INFO:Initializing load_model()
2022-10-29 02:30:13,490:INFO:load_model(model_name=Model, platform=None, authentication=None, verbose=True)
2022-10-29 02:30:17,865:INFO:Initializing load_model()
2022-10-29 02:30:17,866:INFO:load_model(model_name=Model, platform=None, authentication=None, verbose=True)
2022-10-29 02:30:20,165:INFO:Initializing load_model()
2022-10-29 02:30:20,166:INFO:load_model(model_name=Model, platform=None, authentication=None, verbose=True)
2022-10-29 02:30:20,392:INFO:Initializing predict_model()
2022-10-29 02:30:20,393:INFO:predict_model(estimator=Pipeline(steps=[('dtypes',
                 DataTypes_Auto_infer(display_types=False,
                                      ml_usecase='classification',
                                      target='isFraud')),
                ('imputer',
                 Iterative_Imputer(classifier=LGBMClassifier(random_state=123),
                                   max_iter=5, ordinal_columns=[],
                                   random_state=123,
                                   regressor=LGBMRegressor(random_state=123),
                                   target='isFraud')),
                ('new_levels1',
                 New_Catagorical_Levels_in_TestData(repla...
                ('P_transform', 'passthrough'), ('binn', 'passthrough'),
                ('rem_outliers', 'passthrough'), ('cluster_all', 'passthrough'),
                ('dummy', Dummify(target='isFraud')),
                ('fix_perfect', Remove_100(target='isFraud')),
                ('clean_names', Clean_Colum_Names()),
                ('feature_select', 'passthrough'), ('fix_multi', 'passthrough'),
                ('dfs', 'passthrough'), ('pca', 'passthrough'),
                ['trained_model', DecisionTreeClassifier(random_state=123)]]), probability_threshold=None, encoded_labels=False, drift_report=False, raw_score=False, round=4, verbose=True, ml_usecase=MLUsecase.CLASSIFICATION, display=None, drift_kwargs=None)
2022-10-29 02:30:20,397:INFO:Checking exceptions
2022-10-29 02:30:20,399:INFO:Preloading libraries
2022-10-29 02:30:49,132:INFO:Initializing load_model()
2022-10-29 02:30:49,134:INFO:load_model(model_name=Model, platform=None, authentication=None, verbose=True)
2022-10-29 02:30:56,809:INFO:Initializing load_model()
2022-10-29 02:30:56,810:INFO:load_model(model_name=Model, platform=None, authentication=None, verbose=True)
2022-10-29 02:30:56,955:INFO:Initializing predict_model()
2022-10-29 02:30:56,957:INFO:predict_model(estimator=Pipeline(steps=[('dtypes',
                 DataTypes_Auto_infer(display_types=False,
                                      ml_usecase='classification',
                                      target='isFraud')),
                ('imputer',
                 Iterative_Imputer(classifier=LGBMClassifier(random_state=123),
                                   max_iter=5, ordinal_columns=[],
                                   random_state=123,
                                   regressor=LGBMRegressor(random_state=123),
                                   target='isFraud')),
                ('new_levels1',
                 New_Catagorical_Levels_in_TestData(repla...
                ('P_transform', 'passthrough'), ('binn', 'passthrough'),
                ('rem_outliers', 'passthrough'), ('cluster_all', 'passthrough'),
                ('dummy', Dummify(target='isFraud')),
                ('fix_perfect', Remove_100(target='isFraud')),
                ('clean_names', Clean_Colum_Names()),
                ('feature_select', 'passthrough'), ('fix_multi', 'passthrough'),
                ('dfs', 'passthrough'), ('pca', 'passthrough'),
                ['trained_model', DecisionTreeClassifier(random_state=123)]]), probability_threshold=None, encoded_labels=False, drift_report=False, raw_score=False, round=4, verbose=True, ml_usecase=MLUsecase.CLASSIFICATION, display=None, drift_kwargs=None)
2022-10-29 02:30:56,960:INFO:Checking exceptions
2022-10-29 02:30:56,961:INFO:Preloading libraries
2022-10-29 02:31:29,289:INFO:Initializing load_model()
2022-10-29 02:31:29,291:INFO:load_model(model_name=Model, platform=None, authentication=None, verbose=True)
2022-10-29 02:31:34,332:INFO:Initializing load_model()
2022-10-29 02:31:34,333:INFO:load_model(model_name=Model, platform=None, authentication=None, verbose=True)
2022-10-29 02:31:34,505:INFO:Initializing predict_model()
2022-10-29 02:31:34,507:INFO:predict_model(estimator=Pipeline(steps=[('dtypes',
                 DataTypes_Auto_infer(display_types=False,
                                      ml_usecase='classification',
                                      target='isFraud')),
                ('imputer',
                 Iterative_Imputer(classifier=LGBMClassifier(random_state=123),
                                   max_iter=5, ordinal_columns=[],
                                   random_state=123,
                                   regressor=LGBMRegressor(random_state=123),
                                   target='isFraud')),
                ('new_levels1',
                 New_Catagorical_Levels_in_TestData(repla...
                ('P_transform', 'passthrough'), ('binn', 'passthrough'),
                ('rem_outliers', 'passthrough'), ('cluster_all', 'passthrough'),
                ('dummy', Dummify(target='isFraud')),
                ('fix_perfect', Remove_100(target='isFraud')),
                ('clean_names', Clean_Colum_Names()),
                ('feature_select', 'passthrough'), ('fix_multi', 'passthrough'),
                ('dfs', 'passthrough'), ('pca', 'passthrough'),
                ['trained_model', DecisionTreeClassifier(random_state=123)]]), probability_threshold=None, encoded_labels=False, drift_report=False, raw_score=False, round=4, verbose=True, ml_usecase=MLUsecase.CLASSIFICATION, display=None, drift_kwargs=None)
2022-10-29 02:31:34,510:INFO:Checking exceptions
2022-10-29 02:31:34,512:INFO:Preloading libraries
2022-10-29 02:31:45,315:INFO:Initializing load_model()
2022-10-29 02:31:45,317:INFO:load_model(model_name=Model, platform=None, authentication=None, verbose=True)
2022-10-29 02:31:45,552:INFO:Initializing predict_model()
2022-10-29 02:31:45,553:INFO:predict_model(estimator=Pipeline(steps=[('dtypes',
                 DataTypes_Auto_infer(display_types=False,
                                      ml_usecase='classification',
                                      target='isFraud')),
                ('imputer',
                 Iterative_Imputer(classifier=LGBMClassifier(random_state=123),
                                   max_iter=5, ordinal_columns=[],
                                   random_state=123,
                                   regressor=LGBMRegressor(random_state=123),
                                   target='isFraud')),
                ('new_levels1',
                 New_Catagorical_Levels_in_TestData(repla...
                ('P_transform', 'passthrough'), ('binn', 'passthrough'),
                ('rem_outliers', 'passthrough'), ('cluster_all', 'passthrough'),
                ('dummy', Dummify(target='isFraud')),
                ('fix_perfect', Remove_100(target='isFraud')),
                ('clean_names', Clean_Colum_Names()),
                ('feature_select', 'passthrough'), ('fix_multi', 'passthrough'),
                ('dfs', 'passthrough'), ('pca', 'passthrough'),
                ['trained_model', DecisionTreeClassifier(random_state=123)]]), probability_threshold=None, encoded_labels=False, drift_report=False, raw_score=False, round=4, verbose=True, ml_usecase=MLUsecase.CLASSIFICATION, display=None, drift_kwargs=None)
2022-10-29 02:31:45,565:INFO:Checking exceptions
2022-10-29 02:31:45,567:INFO:Preloading libraries
2022-10-29 02:33:06,751:INFO:Initializing load_model()
2022-10-29 02:33:06,754:INFO:load_model(model_name=Model, platform=None, authentication=None, verbose=True)
2022-10-29 02:33:13,182:INFO:Initializing load_model()
2022-10-29 02:33:13,187:INFO:load_model(model_name=Model, platform=None, authentication=None, verbose=True)
2022-10-29 02:33:13,361:INFO:Initializing predict_model()
2022-10-29 02:33:13,362:INFO:predict_model(estimator=Pipeline(steps=[('dtypes',
                 DataTypes_Auto_infer(display_types=False,
                                      ml_usecase='classification',
                                      target='isFraud')),
                ('imputer',
                 Iterative_Imputer(classifier=LGBMClassifier(random_state=123),
                                   max_iter=5, ordinal_columns=[],
                                   random_state=123,
                                   regressor=LGBMRegressor(random_state=123),
                                   target='isFraud')),
                ('new_levels1',
                 New_Catagorical_Levels_in_TestData(repla...
                ('P_transform', 'passthrough'), ('binn', 'passthrough'),
                ('rem_outliers', 'passthrough'), ('cluster_all', 'passthrough'),
                ('dummy', Dummify(target='isFraud')),
                ('fix_perfect', Remove_100(target='isFraud')),
                ('clean_names', Clean_Colum_Names()),
                ('feature_select', 'passthrough'), ('fix_multi', 'passthrough'),
                ('dfs', 'passthrough'), ('pca', 'passthrough'),
                ['trained_model', DecisionTreeClassifier(random_state=123)]]), probability_threshold=None, encoded_labels=False, drift_report=False, raw_score=False, round=4, verbose=True, ml_usecase=MLUsecase.CLASSIFICATION, display=None, drift_kwargs=None)
2022-10-29 02:33:13,366:INFO:Checking exceptions
2022-10-29 02:33:13,367:INFO:Preloading libraries
2022-10-29 02:34:05,733:INFO:Initializing load_model()
2022-10-29 02:34:05,735:INFO:load_model(model_name=Model, platform=None, authentication=None, verbose=True)
2022-10-29 02:34:12,741:INFO:Initializing load_model()
2022-10-29 02:34:12,742:INFO:load_model(model_name=Model, platform=None, authentication=None, verbose=True)
2022-10-29 02:34:12,949:INFO:Initializing predict_model()
2022-10-29 02:34:12,950:INFO:predict_model(estimator=Pipeline(steps=[('dtypes',
                 DataTypes_Auto_infer(display_types=False,
                                      ml_usecase='classification',
                                      target='isFraud')),
                ('imputer',
                 Iterative_Imputer(classifier=LGBMClassifier(random_state=123),
                                   max_iter=5, ordinal_columns=[],
                                   random_state=123,
                                   regressor=LGBMRegressor(random_state=123),
                                   target='isFraud')),
                ('new_levels1',
                 New_Catagorical_Levels_in_TestData(repla...
                ('P_transform', 'passthrough'), ('binn', 'passthrough'),
                ('rem_outliers', 'passthrough'), ('cluster_all', 'passthrough'),
                ('dummy', Dummify(target='isFraud')),
                ('fix_perfect', Remove_100(target='isFraud')),
                ('clean_names', Clean_Colum_Names()),
                ('feature_select', 'passthrough'), ('fix_multi', 'passthrough'),
                ('dfs', 'passthrough'), ('pca', 'passthrough'),
                ['trained_model', DecisionTreeClassifier(random_state=123)]]), probability_threshold=None, encoded_labels=False, drift_report=False, raw_score=False, round=4, verbose=True, ml_usecase=MLUsecase.CLASSIFICATION, display=None, drift_kwargs=None)
2022-10-29 02:34:12,954:INFO:Checking exceptions
2022-10-29 02:34:12,955:INFO:Preloading libraries
2022-10-29 02:34:14,253:INFO:Initializing load_model()
2022-10-29 02:34:14,254:INFO:load_model(model_name=Model, platform=None, authentication=None, verbose=True)
2022-10-29 02:34:14,407:INFO:Initializing predict_model()
2022-10-29 02:34:14,408:INFO:predict_model(estimator=Pipeline(steps=[('dtypes',
                 DataTypes_Auto_infer(display_types=False,
                                      ml_usecase='classification',
                                      target='isFraud')),
                ('imputer',
                 Iterative_Imputer(classifier=LGBMClassifier(random_state=123),
                                   max_iter=5, ordinal_columns=[],
                                   random_state=123,
                                   regressor=LGBMRegressor(random_state=123),
                                   target='isFraud')),
                ('new_levels1',
                 New_Catagorical_Levels_in_TestData(repla...
                ('P_transform', 'passthrough'), ('binn', 'passthrough'),
                ('rem_outliers', 'passthrough'), ('cluster_all', 'passthrough'),
                ('dummy', Dummify(target='isFraud')),
                ('fix_perfect', Remove_100(target='isFraud')),
                ('clean_names', Clean_Colum_Names()),
                ('feature_select', 'passthrough'), ('fix_multi', 'passthrough'),
                ('dfs', 'passthrough'), ('pca', 'passthrough'),
                ['trained_model', DecisionTreeClassifier(random_state=123)]]), probability_threshold=None, encoded_labels=False, drift_report=False, raw_score=False, round=4, verbose=True, ml_usecase=MLUsecase.CLASSIFICATION, display=None, drift_kwargs=None)
2022-10-29 02:34:14,412:INFO:Checking exceptions
2022-10-29 02:34:14,413:INFO:Preloading libraries
2022-10-29 02:34:49,278:INFO:Initializing load_model()
2022-10-29 02:34:49,279:INFO:load_model(model_name=Model, platform=None, authentication=None, verbose=True)
2022-10-30 00:50:15,243:INFO:Initializing load_model()
2022-10-30 00:50:15,261:INFO:load_model(model_name=Model, platform=None, authentication=None, verbose=True)
2022-10-30 00:52:28,667:INFO:Initializing load_model()
2022-10-30 00:52:28,770:INFO:load_model(model_name=Model, platform=None, authentication=None, verbose=True)
2022-10-30 00:52:52,395:INFO:Initializing load_model()
2022-10-30 00:52:52,396:INFO:load_model(model_name=Model, platform=None, authentication=None, verbose=True)
2022-10-30 00:53:12,455:INFO:Initializing load_model()
2022-10-30 00:53:12,457:INFO:load_model(model_name=Model, platform=None, authentication=None, verbose=True)
2022-10-30 00:53:20,066:INFO:Initializing load_model()
2022-10-30 00:53:20,067:INFO:load_model(model_name=Model, platform=None, authentication=None, verbose=True)
2022-10-30 00:53:25,051:INFO:Initializing load_model()
2022-10-30 00:53:25,052:INFO:load_model(model_name=Model, platform=None, authentication=None, verbose=True)
2022-10-30 00:53:28,050:INFO:Initializing load_model()
2022-10-30 00:53:28,054:INFO:load_model(model_name=Model, platform=None, authentication=None, verbose=True)
2022-10-30 00:53:28,328:INFO:Initializing predict_model()
2022-10-30 00:53:28,329:INFO:predict_model(estimator=Pipeline(steps=[('dtypes',
                 DataTypes_Auto_infer(display_types=False,
                                      ml_usecase='classification',
                                      target='isFraud')),
                ('imputer',
                 Iterative_Imputer(classifier=LGBMClassifier(random_state=123),
                                   max_iter=5, ordinal_columns=[],
                                   random_state=123,
                                   regressor=LGBMRegressor(random_state=123),
                                   target='isFraud')),
                ('new_levels1',
                 New_Catagorical_Levels_in_TestData(repla...
                ('P_transform', 'passthrough'), ('binn', 'passthrough'),
                ('rem_outliers', 'passthrough'), ('cluster_all', 'passthrough'),
                ('dummy', Dummify(target='isFraud')),
                ('fix_perfect', Remove_100(target='isFraud')),
                ('clean_names', Clean_Colum_Names()),
                ('feature_select', 'passthrough'), ('fix_multi', 'passthrough'),
                ('dfs', 'passthrough'), ('pca', 'passthrough'),
                ['trained_model', DecisionTreeClassifier(random_state=123)]]), probability_threshold=None, encoded_labels=False, drift_report=False, raw_score=False, round=4, verbose=True, ml_usecase=MLUsecase.CLASSIFICATION, display=None, drift_kwargs=None)
2022-10-30 00:53:28,330:INFO:Checking exceptions
2022-10-30 00:53:28,330:INFO:Preloading libraries
2022-10-30 00:54:46,418:INFO:Initializing load_model()
2022-10-30 00:54:46,421:INFO:load_model(model_name=Model, platform=None, authentication=None, verbose=True)
2022-10-30 00:55:21,974:INFO:Initializing load_model()
2022-10-30 00:55:21,975:INFO:load_model(model_name=Model, platform=None, authentication=None, verbose=True)
2022-10-30 00:56:00,644:INFO:Initializing load_model()
2022-10-30 00:56:00,645:INFO:load_model(model_name=Model, platform=None, authentication=None, verbose=True)
2022-10-30 00:57:55,116:INFO:Initializing load_model()
2022-10-30 00:57:55,117:INFO:load_model(model_name=Model, platform=None, authentication=None, verbose=True)
2022-10-30 00:58:01,367:INFO:Initializing predict_model()
2022-10-30 00:58:01,368:INFO:predict_model(estimator=Pipeline(steps=[('dtypes',
                 DataTypes_Auto_infer(display_types=False,
                                      ml_usecase='classification',
                                      target='isFraud')),
                ('imputer',
                 Iterative_Imputer(classifier=LGBMClassifier(random_state=123),
                                   max_iter=5, ordinal_columns=[],
                                   random_state=123,
                                   regressor=LGBMRegressor(random_state=123),
                                   target='isFraud')),
                ('new_levels1',
                 New_Catagorical_Levels_in_TestData(repla...
                ('P_transform', 'passthrough'), ('binn', 'passthrough'),
                ('rem_outliers', 'passthrough'), ('cluster_all', 'passthrough'),
                ('dummy', Dummify(target='isFraud')),
                ('fix_perfect', Remove_100(target='isFraud')),
                ('clean_names', Clean_Colum_Names()),
                ('feature_select', 'passthrough'), ('fix_multi', 'passthrough'),
                ('dfs', 'passthrough'), ('pca', 'passthrough'),
                ['trained_model', DecisionTreeClassifier(random_state=123)]]), probability_threshold=None, encoded_labels=False, drift_report=False, raw_score=False, round=4, verbose=True, ml_usecase=MLUsecase.CLASSIFICATION, display=None, drift_kwargs=None)
2022-10-30 00:58:01,427:INFO:Checking exceptions
2022-10-30 00:58:01,428:INFO:Preloading libraries
2022-10-30 00:59:16,009:INFO:Initializing load_model()
2022-10-30 00:59:16,011:INFO:load_model(model_name=Model, platform=None, authentication=None, verbose=True)
2022-10-30 00:59:37,832:INFO:Initializing load_model()
2022-10-30 00:59:37,833:INFO:load_model(model_name=Model, platform=None, authentication=None, verbose=True)
2022-10-30 01:00:49,410:INFO:Initializing load_model()
2022-10-30 01:00:49,412:INFO:load_model(model_name=Model, platform=None, authentication=None, verbose=True)
2022-10-30 01:00:55,257:INFO:Initializing load_model()
2022-10-30 01:00:55,258:INFO:load_model(model_name=Model, platform=None, authentication=None, verbose=True)
2022-10-30 01:00:55,370:INFO:Initializing predict_model()
2022-10-30 01:00:55,372:INFO:predict_model(estimator=Pipeline(steps=[('dtypes',
                 DataTypes_Auto_infer(display_types=False,
                                      ml_usecase='classification',
                                      target='isFraud')),
                ('imputer',
                 Iterative_Imputer(classifier=LGBMClassifier(random_state=123),
                                   max_iter=5, ordinal_columns=[],
                                   random_state=123,
                                   regressor=LGBMRegressor(random_state=123),
                                   target='isFraud')),
                ('new_levels1',
                 New_Catagorical_Levels_in_TestData(repla...
                ('P_transform', 'passthrough'), ('binn', 'passthrough'),
                ('rem_outliers', 'passthrough'), ('cluster_all', 'passthrough'),
                ('dummy', Dummify(target='isFraud')),
                ('fix_perfect', Remove_100(target='isFraud')),
                ('clean_names', Clean_Colum_Names()),
                ('feature_select', 'passthrough'), ('fix_multi', 'passthrough'),
                ('dfs', 'passthrough'), ('pca', 'passthrough'),
                ['trained_model', DecisionTreeClassifier(random_state=123)]]), probability_threshold=None, encoded_labels=False, drift_report=False, raw_score=False, round=4, verbose=True, ml_usecase=MLUsecase.CLASSIFICATION, display=None, drift_kwargs=None)
2022-10-30 01:00:55,374:INFO:Checking exceptions
2022-10-30 01:00:55,376:INFO:Preloading libraries
2022-10-30 01:05:06,975:INFO:Initializing load_model()
2022-10-30 01:05:06,976:INFO:load_model(model_name=Model, platform=None, authentication=None, verbose=True)
2022-10-30 01:05:07,195:INFO:Initializing predict_model()
2022-10-30 01:05:07,196:INFO:predict_model(estimator=Pipeline(steps=[('dtypes',
                 DataTypes_Auto_infer(display_types=False,
                                      ml_usecase='classification',
                                      target='isFraud')),
                ('imputer',
                 Iterative_Imputer(classifier=LGBMClassifier(random_state=123),
                                   max_iter=5, ordinal_columns=[],
                                   random_state=123,
                                   regressor=LGBMRegressor(random_state=123),
                                   target='isFraud')),
                ('new_levels1',
                 New_Catagorical_Levels_in_TestData(repla...
                ('P_transform', 'passthrough'), ('binn', 'passthrough'),
                ('rem_outliers', 'passthrough'), ('cluster_all', 'passthrough'),
                ('dummy', Dummify(target='isFraud')),
                ('fix_perfect', Remove_100(target='isFraud')),
                ('clean_names', Clean_Colum_Names()),
                ('feature_select', 'passthrough'), ('fix_multi', 'passthrough'),
                ('dfs', 'passthrough'), ('pca', 'passthrough'),
                ['trained_model', DecisionTreeClassifier(random_state=123)]]), probability_threshold=None, encoded_labels=False, drift_report=False, raw_score=False, round=4, verbose=True, ml_usecase=MLUsecase.CLASSIFICATION, display=None, drift_kwargs=None)
2022-10-30 01:05:07,213:INFO:Checking exceptions
2022-10-30 01:05:07,214:INFO:Preloading libraries
2022-10-30 01:06:29,957:INFO:Initializing load_model()
2022-10-30 01:06:29,959:INFO:load_model(model_name=Model, platform=None, authentication=None, verbose=True)
2022-10-30 01:06:39,804:INFO:Initializing load_model()
2022-10-30 01:06:39,804:INFO:load_model(model_name=Model, platform=None, authentication=None, verbose=True)
2022-10-30 01:06:39,959:INFO:Initializing predict_model()
2022-10-30 01:06:39,960:INFO:predict_model(estimator=Pipeline(steps=[('dtypes',
                 DataTypes_Auto_infer(display_types=False,
                                      ml_usecase='classification',
                                      target='isFraud')),
                ('imputer',
                 Iterative_Imputer(classifier=LGBMClassifier(random_state=123),
                                   max_iter=5, ordinal_columns=[],
                                   random_state=123,
                                   regressor=LGBMRegressor(random_state=123),
                                   target='isFraud')),
                ('new_levels1',
                 New_Catagorical_Levels_in_TestData(repla...
                ('P_transform', 'passthrough'), ('binn', 'passthrough'),
                ('rem_outliers', 'passthrough'), ('cluster_all', 'passthrough'),
                ('dummy', Dummify(target='isFraud')),
                ('fix_perfect', Remove_100(target='isFraud')),
                ('clean_names', Clean_Colum_Names()),
                ('feature_select', 'passthrough'), ('fix_multi', 'passthrough'),
                ('dfs', 'passthrough'), ('pca', 'passthrough'),
                ['trained_model', DecisionTreeClassifier(random_state=123)]]), probability_threshold=None, encoded_labels=False, drift_report=False, raw_score=False, round=4, verbose=True, ml_usecase=MLUsecase.CLASSIFICATION, display=None, drift_kwargs=None)
2022-10-30 01:06:39,961:INFO:Checking exceptions
2022-10-30 01:06:39,962:INFO:Preloading libraries
2022-10-30 01:06:43,681:INFO:Initializing load_model()
2022-10-30 01:06:43,682:INFO:load_model(model_name=Model, platform=None, authentication=None, verbose=True)
2022-10-30 01:06:43,865:INFO:Initializing predict_model()
2022-10-30 01:06:43,869:INFO:predict_model(estimator=Pipeline(steps=[('dtypes',
                 DataTypes_Auto_infer(display_types=False,
                                      ml_usecase='classification',
                                      target='isFraud')),
                ('imputer',
                 Iterative_Imputer(classifier=LGBMClassifier(random_state=123),
                                   max_iter=5, ordinal_columns=[],
                                   random_state=123,
                                   regressor=LGBMRegressor(random_state=123),
                                   target='isFraud')),
                ('new_levels1',
                 New_Catagorical_Levels_in_TestData(repla...
                ('P_transform', 'passthrough'), ('binn', 'passthrough'),
                ('rem_outliers', 'passthrough'), ('cluster_all', 'passthrough'),
                ('dummy', Dummify(target='isFraud')),
                ('fix_perfect', Remove_100(target='isFraud')),
                ('clean_names', Clean_Colum_Names()),
                ('feature_select', 'passthrough'), ('fix_multi', 'passthrough'),
                ('dfs', 'passthrough'), ('pca', 'passthrough'),
                ['trained_model', DecisionTreeClassifier(random_state=123)]]), probability_threshold=None, encoded_labels=False, drift_report=False, raw_score=False, round=4, verbose=True, ml_usecase=MLUsecase.CLASSIFICATION, display=None, drift_kwargs=None)
2022-10-30 01:06:43,871:INFO:Checking exceptions
2022-10-30 01:06:43,872:INFO:Preloading libraries
2022-10-30 01:09:31,768:INFO:Initializing load_model()
2022-10-30 01:09:31,769:INFO:load_model(model_name=Model, platform=None, authentication=None, verbose=True)
2022-10-30 01:09:36,885:INFO:Initializing load_model()
2022-10-30 01:09:36,896:INFO:load_model(model_name=Model, platform=None, authentication=None, verbose=True)
2022-10-30 01:09:37,037:INFO:Initializing predict_model()
2022-10-30 01:09:37,038:INFO:predict_model(estimator=Pipeline(steps=[('dtypes',
                 DataTypes_Auto_infer(display_types=False,
                                      ml_usecase='classification',
                                      target='isFraud')),
                ('imputer',
                 Iterative_Imputer(classifier=LGBMClassifier(random_state=123),
                                   max_iter=5, ordinal_columns=[],
                                   random_state=123,
                                   regressor=LGBMRegressor(random_state=123),
                                   target='isFraud')),
                ('new_levels1',
                 New_Catagorical_Levels_in_TestData(repla...
                ('P_transform', 'passthrough'), ('binn', 'passthrough'),
                ('rem_outliers', 'passthrough'), ('cluster_all', 'passthrough'),
                ('dummy', Dummify(target='isFraud')),
                ('fix_perfect', Remove_100(target='isFraud')),
                ('clean_names', Clean_Colum_Names()),
                ('feature_select', 'passthrough'), ('fix_multi', 'passthrough'),
                ('dfs', 'passthrough'), ('pca', 'passthrough'),
                ['trained_model', DecisionTreeClassifier(random_state=123)]]), probability_threshold=None, encoded_labels=False, drift_report=False, raw_score=False, round=4, verbose=True, ml_usecase=MLUsecase.CLASSIFICATION, display=None, drift_kwargs=None)
2022-10-30 01:09:37,043:INFO:Checking exceptions
2022-10-30 01:09:37,046:INFO:Preloading libraries
2022-10-30 01:09:39,003:INFO:Initializing load_model()
2022-10-30 01:09:39,004:INFO:load_model(model_name=Model, platform=None, authentication=None, verbose=True)
2022-10-30 01:09:39,184:INFO:Initializing predict_model()
2022-10-30 01:09:39,186:INFO:predict_model(estimator=Pipeline(steps=[('dtypes',
                 DataTypes_Auto_infer(display_types=False,
                                      ml_usecase='classification',
                                      target='isFraud')),
                ('imputer',
                 Iterative_Imputer(classifier=LGBMClassifier(random_state=123),
                                   max_iter=5, ordinal_columns=[],
                                   random_state=123,
                                   regressor=LGBMRegressor(random_state=123),
                                   target='isFraud')),
                ('new_levels1',
                 New_Catagorical_Levels_in_TestData(repla...
                ('P_transform', 'passthrough'), ('binn', 'passthrough'),
                ('rem_outliers', 'passthrough'), ('cluster_all', 'passthrough'),
                ('dummy', Dummify(target='isFraud')),
                ('fix_perfect', Remove_100(target='isFraud')),
                ('clean_names', Clean_Colum_Names()),
                ('feature_select', 'passthrough'), ('fix_multi', 'passthrough'),
                ('dfs', 'passthrough'), ('pca', 'passthrough'),
                ['trained_model', DecisionTreeClassifier(random_state=123)]]), probability_threshold=None, encoded_labels=False, drift_report=False, raw_score=False, round=4, verbose=True, ml_usecase=MLUsecase.CLASSIFICATION, display=None, drift_kwargs=None)
2022-10-30 01:09:39,188:INFO:Checking exceptions
2022-10-30 01:09:39,190:INFO:Preloading libraries
2022-10-30 01:09:49,474:INFO:Initializing load_model()
2022-10-30 01:09:49,476:INFO:load_model(model_name=Model, platform=None, authentication=None, verbose=True)
2022-10-30 01:09:53,565:INFO:Initializing load_model()
2022-10-30 01:09:53,568:INFO:load_model(model_name=Model, platform=None, authentication=None, verbose=True)
2022-10-30 01:09:53,773:INFO:Initializing predict_model()
2022-10-30 01:09:53,774:INFO:predict_model(estimator=Pipeline(steps=[('dtypes',
                 DataTypes_Auto_infer(display_types=False,
                                      ml_usecase='classification',
                                      target='isFraud')),
                ('imputer',
                 Iterative_Imputer(classifier=LGBMClassifier(random_state=123),
                                   max_iter=5, ordinal_columns=[],
                                   random_state=123,
                                   regressor=LGBMRegressor(random_state=123),
                                   target='isFraud')),
                ('new_levels1',
                 New_Catagorical_Levels_in_TestData(repla...
                ('P_transform', 'passthrough'), ('binn', 'passthrough'),
                ('rem_outliers', 'passthrough'), ('cluster_all', 'passthrough'),
                ('dummy', Dummify(target='isFraud')),
                ('fix_perfect', Remove_100(target='isFraud')),
                ('clean_names', Clean_Colum_Names()),
                ('feature_select', 'passthrough'), ('fix_multi', 'passthrough'),
                ('dfs', 'passthrough'), ('pca', 'passthrough'),
                ['trained_model', DecisionTreeClassifier(random_state=123)]]), probability_threshold=None, encoded_labels=False, drift_report=False, raw_score=False, round=4, verbose=True, ml_usecase=MLUsecase.CLASSIFICATION, display=None, drift_kwargs=None)
2022-10-30 01:09:53,775:INFO:Checking exceptions
2022-10-30 01:09:53,776:INFO:Preloading libraries
2022-10-30 01:09:55,662:INFO:Initializing load_model()
2022-10-30 01:09:55,663:INFO:load_model(model_name=Model, platform=None, authentication=None, verbose=True)
2022-10-30 01:09:55,838:INFO:Initializing predict_model()
2022-10-30 01:09:55,840:INFO:predict_model(estimator=Pipeline(steps=[('dtypes',
                 DataTypes_Auto_infer(display_types=False,
                                      ml_usecase='classification',
                                      target='isFraud')),
                ('imputer',
                 Iterative_Imputer(classifier=LGBMClassifier(random_state=123),
                                   max_iter=5, ordinal_columns=[],
                                   random_state=123,
                                   regressor=LGBMRegressor(random_state=123),
                                   target='isFraud')),
                ('new_levels1',
                 New_Catagorical_Levels_in_TestData(repla...
                ('P_transform', 'passthrough'), ('binn', 'passthrough'),
                ('rem_outliers', 'passthrough'), ('cluster_all', 'passthrough'),
                ('dummy', Dummify(target='isFraud')),
                ('fix_perfect', Remove_100(target='isFraud')),
                ('clean_names', Clean_Colum_Names()),
                ('feature_select', 'passthrough'), ('fix_multi', 'passthrough'),
                ('dfs', 'passthrough'), ('pca', 'passthrough'),
                ['trained_model', DecisionTreeClassifier(random_state=123)]]), probability_threshold=None, encoded_labels=False, drift_report=False, raw_score=False, round=4, verbose=True, ml_usecase=MLUsecase.CLASSIFICATION, display=None, drift_kwargs=None)
2022-10-30 01:09:55,842:INFO:Checking exceptions
2022-10-30 01:09:55,843:INFO:Preloading libraries
2022-10-30 01:13:36,011:INFO:Initializing load_model()
2022-10-30 01:13:36,013:INFO:load_model(model_name=Model, platform=None, authentication=None, verbose=True)
2022-10-30 01:13:39,428:INFO:Initializing load_model()
2022-10-30 01:13:39,429:INFO:load_model(model_name=Model, platform=None, authentication=None, verbose=True)
2022-10-30 01:13:39,598:INFO:Initializing predict_model()
2022-10-30 01:13:39,599:INFO:predict_model(estimator=Pipeline(steps=[('dtypes',
                 DataTypes_Auto_infer(display_types=False,
                                      ml_usecase='classification',
                                      target='isFraud')),
                ('imputer',
                 Iterative_Imputer(classifier=LGBMClassifier(random_state=123),
                                   max_iter=5, ordinal_columns=[],
                                   random_state=123,
                                   regressor=LGBMRegressor(random_state=123),
                                   target='isFraud')),
                ('new_levels1',
                 New_Catagorical_Levels_in_TestData(repla...
                ('P_transform', 'passthrough'), ('binn', 'passthrough'),
                ('rem_outliers', 'passthrough'), ('cluster_all', 'passthrough'),
                ('dummy', Dummify(target='isFraud')),
                ('fix_perfect', Remove_100(target='isFraud')),
                ('clean_names', Clean_Colum_Names()),
                ('feature_select', 'passthrough'), ('fix_multi', 'passthrough'),
                ('dfs', 'passthrough'), ('pca', 'passthrough'),
                ['trained_model', DecisionTreeClassifier(random_state=123)]]), probability_threshold=None, encoded_labels=False, drift_report=False, raw_score=False, round=4, verbose=True, ml_usecase=MLUsecase.CLASSIFICATION, display=None, drift_kwargs=None)
2022-10-30 01:13:39,603:INFO:Checking exceptions
2022-10-30 01:13:39,604:INFO:Preloading libraries
2022-10-30 01:13:57,370:INFO:Initializing load_model()
2022-10-30 01:13:57,372:INFO:load_model(model_name=Model, platform=None, authentication=None, verbose=True)
2022-10-30 01:14:39,305:INFO:Initializing load_model()
2022-10-30 01:14:39,307:INFO:load_model(model_name=Model, platform=None, authentication=None, verbose=True)
2022-10-30 01:14:43,890:INFO:Initializing load_model()
2022-10-30 01:14:43,891:INFO:load_model(model_name=Model, platform=None, authentication=None, verbose=True)
2022-10-30 01:14:44,062:INFO:Initializing predict_model()
2022-10-30 01:14:44,063:INFO:predict_model(estimator=Pipeline(steps=[('dtypes',
                 DataTypes_Auto_infer(display_types=False,
                                      ml_usecase='classification',
                                      target='isFraud')),
                ('imputer',
                 Iterative_Imputer(classifier=LGBMClassifier(random_state=123),
                                   max_iter=5, ordinal_columns=[],
                                   random_state=123,
                                   regressor=LGBMRegressor(random_state=123),
                                   target='isFraud')),
                ('new_levels1',
                 New_Catagorical_Levels_in_TestData(repla...
                ('P_transform', 'passthrough'), ('binn', 'passthrough'),
                ('rem_outliers', 'passthrough'), ('cluster_all', 'passthrough'),
                ('dummy', Dummify(target='isFraud')),
                ('fix_perfect', Remove_100(target='isFraud')),
                ('clean_names', Clean_Colum_Names()),
                ('feature_select', 'passthrough'), ('fix_multi', 'passthrough'),
                ('dfs', 'passthrough'), ('pca', 'passthrough'),
                ['trained_model', DecisionTreeClassifier(random_state=123)]]), probability_threshold=None, encoded_labels=False, drift_report=False, raw_score=False, round=4, verbose=True, ml_usecase=MLUsecase.CLASSIFICATION, display=None, drift_kwargs=None)
2022-10-30 01:14:44,065:INFO:Checking exceptions
2022-10-30 01:14:44,066:INFO:Preloading libraries
2022-10-30 01:16:01,092:INFO:Initializing load_model()
2022-10-30 01:16:01,093:INFO:load_model(model_name=Model, platform=None, authentication=None, verbose=True)
2022-10-30 01:16:17,753:INFO:Initializing load_model()
2022-10-30 01:16:17,754:INFO:load_model(model_name=Model, platform=None, authentication=None, verbose=True)
2022-10-30 01:16:23,129:INFO:Initializing load_model()
2022-10-30 01:16:23,129:INFO:load_model(model_name=Model, platform=None, authentication=None, verbose=True)
2022-10-30 01:16:23,488:INFO:Initializing load_model()
2022-10-30 01:16:23,490:INFO:load_model(model_name=Model, platform=None, authentication=None, verbose=True)
2022-10-30 01:16:23,673:INFO:Initializing predict_model()
2022-10-30 01:16:23,674:INFO:predict_model(estimator=Pipeline(steps=[('dtypes',
                 DataTypes_Auto_infer(display_types=False,
                                      ml_usecase='classification',
                                      target='isFraud')),
                ('imputer',
                 Iterative_Imputer(classifier=LGBMClassifier(random_state=123),
                                   max_iter=5, ordinal_columns=[],
                                   random_state=123,
                                   regressor=LGBMRegressor(random_state=123),
                                   target='isFraud')),
                ('new_levels1',
                 New_Catagorical_Levels_in_TestData(repla...
                ('P_transform', 'passthrough'), ('binn', 'passthrough'),
                ('rem_outliers', 'passthrough'), ('cluster_all', 'passthrough'),
                ('dummy', Dummify(target='isFraud')),
                ('fix_perfect', Remove_100(target='isFraud')),
                ('clean_names', Clean_Colum_Names()),
                ('feature_select', 'passthrough'), ('fix_multi', 'passthrough'),
                ('dfs', 'passthrough'), ('pca', 'passthrough'),
                ['trained_model', DecisionTreeClassifier(random_state=123)]]), probability_threshold=None, encoded_labels=False, drift_report=False, raw_score=False, round=4, verbose=True, ml_usecase=MLUsecase.CLASSIFICATION, display=None, drift_kwargs=None)
2022-10-30 01:16:23,676:INFO:Checking exceptions
2022-10-30 01:16:23,677:INFO:Preloading libraries
2022-10-30 01:16:29,244:INFO:Initializing load_model()
2022-10-30 01:16:29,246:INFO:load_model(model_name=Model, platform=None, authentication=None, verbose=True)
2022-10-30 01:16:29,431:INFO:Initializing predict_model()
2022-10-30 01:16:29,438:INFO:predict_model(estimator=Pipeline(steps=[('dtypes',
                 DataTypes_Auto_infer(display_types=False,
                                      ml_usecase='classification',
                                      target='isFraud')),
                ('imputer',
                 Iterative_Imputer(classifier=LGBMClassifier(random_state=123),
                                   max_iter=5, ordinal_columns=[],
                                   random_state=123,
                                   regressor=LGBMRegressor(random_state=123),
                                   target='isFraud')),
                ('new_levels1',
                 New_Catagorical_Levels_in_TestData(repla...
                ('P_transform', 'passthrough'), ('binn', 'passthrough'),
                ('rem_outliers', 'passthrough'), ('cluster_all', 'passthrough'),
                ('dummy', Dummify(target='isFraud')),
                ('fix_perfect', Remove_100(target='isFraud')),
                ('clean_names', Clean_Colum_Names()),
                ('feature_select', 'passthrough'), ('fix_multi', 'passthrough'),
                ('dfs', 'passthrough'), ('pca', 'passthrough'),
                ['trained_model', DecisionTreeClassifier(random_state=123)]]), probability_threshold=None, encoded_labels=False, drift_report=False, raw_score=False, round=4, verbose=True, ml_usecase=MLUsecase.CLASSIFICATION, display=None, drift_kwargs=None)
2022-10-30 01:16:29,439:INFO:Checking exceptions
2022-10-30 01:16:29,441:INFO:Preloading libraries
2022-10-30 01:16:30,329:INFO:Initializing load_model()
2022-10-30 01:16:30,330:INFO:load_model(model_name=Model, platform=None, authentication=None, verbose=True)
2022-10-30 01:16:30,543:INFO:Initializing predict_model()
2022-10-30 01:16:30,543:INFO:predict_model(estimator=Pipeline(steps=[('dtypes',
                 DataTypes_Auto_infer(display_types=False,
                                      ml_usecase='classification',
                                      target='isFraud')),
                ('imputer',
                 Iterative_Imputer(classifier=LGBMClassifier(random_state=123),
                                   max_iter=5, ordinal_columns=[],
                                   random_state=123,
                                   regressor=LGBMRegressor(random_state=123),
                                   target='isFraud')),
                ('new_levels1',
                 New_Catagorical_Levels_in_TestData(repla...
                ('P_transform', 'passthrough'), ('binn', 'passthrough'),
                ('rem_outliers', 'passthrough'), ('cluster_all', 'passthrough'),
                ('dummy', Dummify(target='isFraud')),
                ('fix_perfect', Remove_100(target='isFraud')),
                ('clean_names', Clean_Colum_Names()),
                ('feature_select', 'passthrough'), ('fix_multi', 'passthrough'),
                ('dfs', 'passthrough'), ('pca', 'passthrough'),
                ['trained_model', DecisionTreeClassifier(random_state=123)]]), probability_threshold=None, encoded_labels=False, drift_report=False, raw_score=False, round=4, verbose=True, ml_usecase=MLUsecase.CLASSIFICATION, display=None, drift_kwargs=None)
2022-10-30 01:16:30,544:INFO:Checking exceptions
2022-10-30 01:16:30,545:INFO:Preloading libraries
2022-10-30 01:16:31,141:INFO:Initializing load_model()
2022-10-30 01:16:31,142:INFO:load_model(model_name=Model, platform=None, authentication=None, verbose=True)
2022-10-30 01:16:31,415:INFO:Initializing predict_model()
2022-10-30 01:16:31,416:INFO:predict_model(estimator=Pipeline(steps=[('dtypes',
                 DataTypes_Auto_infer(display_types=False,
                                      ml_usecase='classification',
                                      target='isFraud')),
                ('imputer',
                 Iterative_Imputer(classifier=LGBMClassifier(random_state=123),
                                   max_iter=5, ordinal_columns=[],
                                   random_state=123,
                                   regressor=LGBMRegressor(random_state=123),
                                   target='isFraud')),
                ('new_levels1',
                 New_Catagorical_Levels_in_TestData(repla...
                ('P_transform', 'passthrough'), ('binn', 'passthrough'),
                ('rem_outliers', 'passthrough'), ('cluster_all', 'passthrough'),
                ('dummy', Dummify(target='isFraud')),
                ('fix_perfect', Remove_100(target='isFraud')),
                ('clean_names', Clean_Colum_Names()),
                ('feature_select', 'passthrough'), ('fix_multi', 'passthrough'),
                ('dfs', 'passthrough'), ('pca', 'passthrough'),
                ['trained_model', DecisionTreeClassifier(random_state=123)]]), probability_threshold=None, encoded_labels=False, drift_report=False, raw_score=False, round=4, verbose=True, ml_usecase=MLUsecase.CLASSIFICATION, display=None, drift_kwargs=None)
2022-10-30 01:16:31,417:INFO:Checking exceptions
2022-10-30 01:16:31,423:INFO:Preloading libraries
2022-10-30 01:16:33,102:INFO:Initializing load_model()
2022-10-30 01:16:33,104:INFO:load_model(model_name=Model, platform=None, authentication=None, verbose=True)
2022-10-30 01:16:33,430:INFO:Initializing predict_model()
2022-10-30 01:16:33,431:INFO:predict_model(estimator=Pipeline(steps=[('dtypes',
                 DataTypes_Auto_infer(display_types=False,
                                      ml_usecase='classification',
                                      target='isFraud')),
                ('imputer',
                 Iterative_Imputer(classifier=LGBMClassifier(random_state=123),
                                   max_iter=5, ordinal_columns=[],
                                   random_state=123,
                                   regressor=LGBMRegressor(random_state=123),
                                   target='isFraud')),
                ('new_levels1',
                 New_Catagorical_Levels_in_TestData(repla...
                ('P_transform', 'passthrough'), ('binn', 'passthrough'),
                ('rem_outliers', 'passthrough'), ('cluster_all', 'passthrough'),
                ('dummy', Dummify(target='isFraud')),
                ('fix_perfect', Remove_100(target='isFraud')),
                ('clean_names', Clean_Colum_Names()),
                ('feature_select', 'passthrough'), ('fix_multi', 'passthrough'),
                ('dfs', 'passthrough'), ('pca', 'passthrough'),
                ['trained_model', DecisionTreeClassifier(random_state=123)]]), probability_threshold=None, encoded_labels=False, drift_report=False, raw_score=False, round=4, verbose=True, ml_usecase=MLUsecase.CLASSIFICATION, display=None, drift_kwargs=None)
2022-10-30 01:16:33,432:INFO:Checking exceptions
2022-10-30 01:16:33,433:INFO:Preloading libraries
2022-10-30 01:16:34,206:INFO:Initializing load_model()
2022-10-30 01:16:34,207:INFO:load_model(model_name=Model, platform=None, authentication=None, verbose=True)
2022-10-30 01:16:34,530:INFO:Initializing predict_model()
2022-10-30 01:16:34,531:INFO:predict_model(estimator=Pipeline(steps=[('dtypes',
                 DataTypes_Auto_infer(display_types=False,
                                      ml_usecase='classification',
                                      target='isFraud')),
                ('imputer',
                 Iterative_Imputer(classifier=LGBMClassifier(random_state=123),
                                   max_iter=5, ordinal_columns=[],
                                   random_state=123,
                                   regressor=LGBMRegressor(random_state=123),
                                   target='isFraud')),
                ('new_levels1',
                 New_Catagorical_Levels_in_TestData(repla...
                ('P_transform', 'passthrough'), ('binn', 'passthrough'),
                ('rem_outliers', 'passthrough'), ('cluster_all', 'passthrough'),
                ('dummy', Dummify(target='isFraud')),
                ('fix_perfect', Remove_100(target='isFraud')),
                ('clean_names', Clean_Colum_Names()),
                ('feature_select', 'passthrough'), ('fix_multi', 'passthrough'),
                ('dfs', 'passthrough'), ('pca', 'passthrough'),
                ['trained_model', DecisionTreeClassifier(random_state=123)]]), probability_threshold=None, encoded_labels=False, drift_report=False, raw_score=False, round=4, verbose=True, ml_usecase=MLUsecase.CLASSIFICATION, display=None, drift_kwargs=None)
2022-10-30 01:16:34,553:INFO:Checking exceptions
2022-10-30 01:16:34,555:INFO:Preloading libraries
2022-10-30 01:17:06,248:INFO:Initializing load_model()
2022-10-30 01:17:06,249:INFO:load_model(model_name=Model, platform=None, authentication=None, verbose=True)
2022-10-30 01:17:08,091:INFO:Initializing load_model()
2022-10-30 01:17:08,093:INFO:load_model(model_name=Model, platform=None, authentication=None, verbose=True)
2022-10-30 01:17:08,285:INFO:Initializing predict_model()
2022-10-30 01:17:08,286:INFO:predict_model(estimator=Pipeline(steps=[('dtypes',
                 DataTypes_Auto_infer(display_types=False,
                                      ml_usecase='classification',
                                      target='isFraud')),
                ('imputer',
                 Iterative_Imputer(classifier=LGBMClassifier(random_state=123),
                                   max_iter=5, ordinal_columns=[],
                                   random_state=123,
                                   regressor=LGBMRegressor(random_state=123),
                                   target='isFraud')),
                ('new_levels1',
                 New_Catagorical_Levels_in_TestData(repla...
                ('P_transform', 'passthrough'), ('binn', 'passthrough'),
                ('rem_outliers', 'passthrough'), ('cluster_all', 'passthrough'),
                ('dummy', Dummify(target='isFraud')),
                ('fix_perfect', Remove_100(target='isFraud')),
                ('clean_names', Clean_Colum_Names()),
                ('feature_select', 'passthrough'), ('fix_multi', 'passthrough'),
                ('dfs', 'passthrough'), ('pca', 'passthrough'),
                ['trained_model', DecisionTreeClassifier(random_state=123)]]), probability_threshold=None, encoded_labels=False, drift_report=False, raw_score=False, round=4, verbose=True, ml_usecase=MLUsecase.CLASSIFICATION, display=None, drift_kwargs=None)
2022-10-30 01:17:08,288:INFO:Checking exceptions
2022-10-30 01:17:08,289:INFO:Preloading libraries
2022-10-30 01:17:11,868:INFO:Initializing load_model()
2022-10-30 01:17:11,869:INFO:load_model(model_name=Model, platform=None, authentication=None, verbose=True)
2022-10-30 01:17:11,994:INFO:Initializing predict_model()
2022-10-30 01:17:11,996:INFO:predict_model(estimator=Pipeline(steps=[('dtypes',
                 DataTypes_Auto_infer(display_types=False,
                                      ml_usecase='classification',
                                      target='isFraud')),
                ('imputer',
                 Iterative_Imputer(classifier=LGBMClassifier(random_state=123),
                                   max_iter=5, ordinal_columns=[],
                                   random_state=123,
                                   regressor=LGBMRegressor(random_state=123),
                                   target='isFraud')),
                ('new_levels1',
                 New_Catagorical_Levels_in_TestData(repla...
                ('P_transform', 'passthrough'), ('binn', 'passthrough'),
                ('rem_outliers', 'passthrough'), ('cluster_all', 'passthrough'),
                ('dummy', Dummify(target='isFraud')),
                ('fix_perfect', Remove_100(target='isFraud')),
                ('clean_names', Clean_Colum_Names()),
                ('feature_select', 'passthrough'), ('fix_multi', 'passthrough'),
                ('dfs', 'passthrough'), ('pca', 'passthrough'),
                ['trained_model', DecisionTreeClassifier(random_state=123)]]), probability_threshold=None, encoded_labels=False, drift_report=False, raw_score=False, round=4, verbose=True, ml_usecase=MLUsecase.CLASSIFICATION, display=None, drift_kwargs=None)
2022-10-30 01:17:11,999:INFO:Checking exceptions
2022-10-30 01:17:12,000:INFO:Preloading libraries
2022-10-30 01:18:09,986:INFO:Initializing load_model()
2022-10-30 01:18:09,988:INFO:load_model(model_name=Model, platform=None, authentication=None, verbose=True)
2022-10-30 01:18:11,653:INFO:Initializing load_model()
2022-10-30 01:18:11,654:INFO:load_model(model_name=Model, platform=None, authentication=None, verbose=True)
2022-10-30 01:18:11,858:INFO:Initializing predict_model()
2022-10-30 01:18:11,859:INFO:predict_model(estimator=Pipeline(steps=[('dtypes',
                 DataTypes_Auto_infer(display_types=False,
                                      ml_usecase='classification',
                                      target='isFraud')),
                ('imputer',
                 Iterative_Imputer(classifier=LGBMClassifier(random_state=123),
                                   max_iter=5, ordinal_columns=[],
                                   random_state=123,
                                   regressor=LGBMRegressor(random_state=123),
                                   target='isFraud')),
                ('new_levels1',
                 New_Catagorical_Levels_in_TestData(repla...
                ('P_transform', 'passthrough'), ('binn', 'passthrough'),
                ('rem_outliers', 'passthrough'), ('cluster_all', 'passthrough'),
                ('dummy', Dummify(target='isFraud')),
                ('fix_perfect', Remove_100(target='isFraud')),
                ('clean_names', Clean_Colum_Names()),
                ('feature_select', 'passthrough'), ('fix_multi', 'passthrough'),
                ('dfs', 'passthrough'), ('pca', 'passthrough'),
                ['trained_model', DecisionTreeClassifier(random_state=123)]]), probability_threshold=None, encoded_labels=False, drift_report=False, raw_score=False, round=4, verbose=True, ml_usecase=MLUsecase.CLASSIFICATION, display=None, drift_kwargs=None)
2022-10-30 01:18:11,876:INFO:Checking exceptions
2022-10-30 01:18:11,876:INFO:Preloading libraries
2022-10-30 01:19:33,719:INFO:Initializing load_model()
2022-10-30 01:19:33,721:INFO:load_model(model_name=Model, platform=None, authentication=None, verbose=True)
2022-10-30 01:19:41,249:INFO:Initializing load_model()
2022-10-30 01:19:41,250:INFO:load_model(model_name=Model, platform=None, authentication=None, verbose=True)
2022-10-30 01:19:45,804:INFO:Initializing load_model()
2022-10-30 01:19:45,810:INFO:load_model(model_name=Model, platform=None, authentication=None, verbose=True)
2022-10-30 01:19:45,959:INFO:Initializing predict_model()
2022-10-30 01:19:45,961:INFO:predict_model(estimator=Pipeline(steps=[('dtypes',
                 DataTypes_Auto_infer(display_types=False,
                                      ml_usecase='classification',
                                      target='isFraud')),
                ('imputer',
                 Iterative_Imputer(classifier=LGBMClassifier(random_state=123),
                                   max_iter=5, ordinal_columns=[],
                                   random_state=123,
                                   regressor=LGBMRegressor(random_state=123),
                                   target='isFraud')),
                ('new_levels1',
                 New_Catagorical_Levels_in_TestData(repla...
                ('P_transform', 'passthrough'), ('binn', 'passthrough'),
                ('rem_outliers', 'passthrough'), ('cluster_all', 'passthrough'),
                ('dummy', Dummify(target='isFraud')),
                ('fix_perfect', Remove_100(target='isFraud')),
                ('clean_names', Clean_Colum_Names()),
                ('feature_select', 'passthrough'), ('fix_multi', 'passthrough'),
                ('dfs', 'passthrough'), ('pca', 'passthrough'),
                ['trained_model', DecisionTreeClassifier(random_state=123)]]), probability_threshold=None, encoded_labels=False, drift_report=False, raw_score=False, round=4, verbose=True, ml_usecase=MLUsecase.CLASSIFICATION, display=None, drift_kwargs=None)
2022-10-30 01:19:46,169:INFO:Checking exceptions
2022-10-30 01:19:46,170:INFO:Preloading libraries
2022-10-30 01:20:04,055:INFO:Initializing load_model()
2022-10-30 01:20:04,057:INFO:load_model(model_name=Model, platform=None, authentication=None, verbose=True)
2022-10-30 01:20:07,775:INFO:Initializing load_model()
2022-10-30 01:20:07,777:INFO:load_model(model_name=Model, platform=None, authentication=None, verbose=True)
2022-10-30 01:20:07,944:INFO:Initializing predict_model()
2022-10-30 01:20:07,945:INFO:predict_model(estimator=Pipeline(steps=[('dtypes',
                 DataTypes_Auto_infer(display_types=False,
                                      ml_usecase='classification',
                                      target='isFraud')),
                ('imputer',
                 Iterative_Imputer(classifier=LGBMClassifier(random_state=123),
                                   max_iter=5, ordinal_columns=[],
                                   random_state=123,
                                   regressor=LGBMRegressor(random_state=123),
                                   target='isFraud')),
                ('new_levels1',
                 New_Catagorical_Levels_in_TestData(repla...
                ('P_transform', 'passthrough'), ('binn', 'passthrough'),
                ('rem_outliers', 'passthrough'), ('cluster_all', 'passthrough'),
                ('dummy', Dummify(target='isFraud')),
                ('fix_perfect', Remove_100(target='isFraud')),
                ('clean_names', Clean_Colum_Names()),
                ('feature_select', 'passthrough'), ('fix_multi', 'passthrough'),
                ('dfs', 'passthrough'), ('pca', 'passthrough'),
                ['trained_model', DecisionTreeClassifier(random_state=123)]]), probability_threshold=None, encoded_labels=False, drift_report=False, raw_score=False, round=4, verbose=True, ml_usecase=MLUsecase.CLASSIFICATION, display=None, drift_kwargs=None)
2022-10-30 01:20:07,946:INFO:Checking exceptions
2022-10-30 01:20:07,947:INFO:Preloading libraries
2022-10-30 01:20:29,832:INFO:Initializing load_model()
2022-10-30 01:20:29,834:INFO:load_model(model_name=Model, platform=None, authentication=None, verbose=True)
2022-10-30 01:20:35,963:INFO:Initializing load_model()
2022-10-30 01:20:35,964:INFO:load_model(model_name=Model, platform=None, authentication=None, verbose=True)
2022-10-30 01:20:36,203:INFO:Initializing predict_model()
2022-10-30 01:20:36,248:INFO:predict_model(estimator=Pipeline(steps=[('dtypes',
                 DataTypes_Auto_infer(display_types=False,
                                      ml_usecase='classification',
                                      target='isFraud')),
                ('imputer',
                 Iterative_Imputer(classifier=LGBMClassifier(random_state=123),
                                   max_iter=5, ordinal_columns=[],
                                   random_state=123,
                                   regressor=LGBMRegressor(random_state=123),
                                   target='isFraud')),
                ('new_levels1',
                 New_Catagorical_Levels_in_TestData(repla...
                ('P_transform', 'passthrough'), ('binn', 'passthrough'),
                ('rem_outliers', 'passthrough'), ('cluster_all', 'passthrough'),
                ('dummy', Dummify(target='isFraud')),
                ('fix_perfect', Remove_100(target='isFraud')),
                ('clean_names', Clean_Colum_Names()),
                ('feature_select', 'passthrough'), ('fix_multi', 'passthrough'),
                ('dfs', 'passthrough'), ('pca', 'passthrough'),
                ['trained_model', DecisionTreeClassifier(random_state=123)]]), probability_threshold=None, encoded_labels=False, drift_report=False, raw_score=False, round=4, verbose=True, ml_usecase=MLUsecase.CLASSIFICATION, display=None, drift_kwargs=None)
2022-10-30 01:20:36,316:INFO:Checking exceptions
2022-10-30 01:20:36,317:INFO:Preloading libraries
2022-10-30 01:20:46,578:INFO:Initializing load_model()
2022-10-30 01:20:46,579:INFO:load_model(model_name=Model, platform=None, authentication=None, verbose=True)
2022-10-30 01:20:54,388:INFO:Initializing load_model()
2022-10-30 01:20:54,389:INFO:load_model(model_name=Model, platform=None, authentication=None, verbose=True)
2022-10-30 01:21:02,832:INFO:Initializing load_model()
2022-10-30 01:21:02,833:INFO:load_model(model_name=Model, platform=None, authentication=None, verbose=True)
2022-10-30 01:21:06,055:INFO:Initializing load_model()
2022-10-30 01:21:06,056:INFO:load_model(model_name=Model, platform=None, authentication=None, verbose=True)
2022-10-30 01:21:06,432:INFO:Initializing load_model()
2022-10-30 01:21:06,432:INFO:load_model(model_name=Model, platform=None, authentication=None, verbose=True)
2022-10-30 01:21:06,589:INFO:Initializing predict_model()
2022-10-30 01:21:06,591:INFO:predict_model(estimator=Pipeline(steps=[('dtypes',
                 DataTypes_Auto_infer(display_types=False,
                                      ml_usecase='classification',
                                      target='isFraud')),
                ('imputer',
                 Iterative_Imputer(classifier=LGBMClassifier(random_state=123),
                                   max_iter=5, ordinal_columns=[],
                                   random_state=123,
                                   regressor=LGBMRegressor(random_state=123),
                                   target='isFraud')),
                ('new_levels1',
                 New_Catagorical_Levels_in_TestData(repla...
                ('P_transform', 'passthrough'), ('binn', 'passthrough'),
                ('rem_outliers', 'passthrough'), ('cluster_all', 'passthrough'),
                ('dummy', Dummify(target='isFraud')),
                ('fix_perfect', Remove_100(target='isFraud')),
                ('clean_names', Clean_Colum_Names()),
                ('feature_select', 'passthrough'), ('fix_multi', 'passthrough'),
                ('dfs', 'passthrough'), ('pca', 'passthrough'),
                ['trained_model', DecisionTreeClassifier(random_state=123)]]), probability_threshold=None, encoded_labels=False, drift_report=False, raw_score=False, round=4, verbose=True, ml_usecase=MLUsecase.CLASSIFICATION, display=None, drift_kwargs=None)
2022-10-30 01:21:06,593:INFO:Checking exceptions
2022-10-30 01:21:06,594:INFO:Preloading libraries
2022-10-30 01:21:09,431:INFO:Initializing load_model()
2022-10-30 01:21:09,431:INFO:load_model(model_name=Model, platform=None, authentication=None, verbose=True)
2022-10-30 01:21:09,608:INFO:Initializing predict_model()
2022-10-30 01:21:09,609:INFO:predict_model(estimator=Pipeline(steps=[('dtypes',
                 DataTypes_Auto_infer(display_types=False,
                                      ml_usecase='classification',
                                      target='isFraud')),
                ('imputer',
                 Iterative_Imputer(classifier=LGBMClassifier(random_state=123),
                                   max_iter=5, ordinal_columns=[],
                                   random_state=123,
                                   regressor=LGBMRegressor(random_state=123),
                                   target='isFraud')),
                ('new_levels1',
                 New_Catagorical_Levels_in_TestData(repla...
                ('P_transform', 'passthrough'), ('binn', 'passthrough'),
                ('rem_outliers', 'passthrough'), ('cluster_all', 'passthrough'),
                ('dummy', Dummify(target='isFraud')),
                ('fix_perfect', Remove_100(target='isFraud')),
                ('clean_names', Clean_Colum_Names()),
                ('feature_select', 'passthrough'), ('fix_multi', 'passthrough'),
                ('dfs', 'passthrough'), ('pca', 'passthrough'),
                ['trained_model', DecisionTreeClassifier(random_state=123)]]), probability_threshold=None, encoded_labels=False, drift_report=False, raw_score=False, round=4, verbose=True, ml_usecase=MLUsecase.CLASSIFICATION, display=None, drift_kwargs=None)
2022-10-30 01:21:09,610:INFO:Checking exceptions
2022-10-30 01:21:09,611:INFO:Preloading libraries
2022-10-30 01:21:10,972:INFO:Initializing load_model()
2022-10-30 01:21:10,973:INFO:load_model(model_name=Model, platform=None, authentication=None, verbose=True)
2022-10-30 01:21:11,120:INFO:Initializing predict_model()
2022-10-30 01:21:11,121:INFO:predict_model(estimator=Pipeline(steps=[('dtypes',
                 DataTypes_Auto_infer(display_types=False,
                                      ml_usecase='classification',
                                      target='isFraud')),
                ('imputer',
                 Iterative_Imputer(classifier=LGBMClassifier(random_state=123),
                                   max_iter=5, ordinal_columns=[],
                                   random_state=123,
                                   regressor=LGBMRegressor(random_state=123),
                                   target='isFraud')),
                ('new_levels1',
                 New_Catagorical_Levels_in_TestData(repla...
                ('P_transform', 'passthrough'), ('binn', 'passthrough'),
                ('rem_outliers', 'passthrough'), ('cluster_all', 'passthrough'),
                ('dummy', Dummify(target='isFraud')),
                ('fix_perfect', Remove_100(target='isFraud')),
                ('clean_names', Clean_Colum_Names()),
                ('feature_select', 'passthrough'), ('fix_multi', 'passthrough'),
                ('dfs', 'passthrough'), ('pca', 'passthrough'),
                ['trained_model', DecisionTreeClassifier(random_state=123)]]), probability_threshold=None, encoded_labels=False, drift_report=False, raw_score=False, round=4, verbose=True, ml_usecase=MLUsecase.CLASSIFICATION, display=None, drift_kwargs=None)
2022-10-30 01:21:11,122:INFO:Checking exceptions
2022-10-30 01:21:11,123:INFO:Preloading libraries
2022-10-30 01:21:30,843:INFO:Initializing load_model()
2022-10-30 01:21:30,844:INFO:load_model(model_name=Model, platform=None, authentication=None, verbose=True)
2022-10-30 01:21:36,505:INFO:Initializing load_model()
2022-10-30 01:21:36,506:INFO:load_model(model_name=Model, platform=None, authentication=None, verbose=True)
2022-10-30 01:21:41,449:INFO:Initializing load_model()
2022-10-30 01:21:41,450:INFO:load_model(model_name=Model, platform=None, authentication=None, verbose=True)
2022-10-30 01:21:41,841:INFO:Initializing load_model()
2022-10-30 01:21:41,841:INFO:load_model(model_name=Model, platform=None, authentication=None, verbose=True)
2022-10-30 01:21:42,057:INFO:Initializing predict_model()
2022-10-30 01:21:42,058:INFO:predict_model(estimator=Pipeline(steps=[('dtypes',
                 DataTypes_Auto_infer(display_types=False,
                                      ml_usecase='classification',
                                      target='isFraud')),
                ('imputer',
                 Iterative_Imputer(classifier=LGBMClassifier(random_state=123),
                                   max_iter=5, ordinal_columns=[],
                                   random_state=123,
                                   regressor=LGBMRegressor(random_state=123),
                                   target='isFraud')),
                ('new_levels1',
                 New_Catagorical_Levels_in_TestData(repla...
                ('P_transform', 'passthrough'), ('binn', 'passthrough'),
                ('rem_outliers', 'passthrough'), ('cluster_all', 'passthrough'),
                ('dummy', Dummify(target='isFraud')),
                ('fix_perfect', Remove_100(target='isFraud')),
                ('clean_names', Clean_Colum_Names()),
                ('feature_select', 'passthrough'), ('fix_multi', 'passthrough'),
                ('dfs', 'passthrough'), ('pca', 'passthrough'),
                ['trained_model', DecisionTreeClassifier(random_state=123)]]), probability_threshold=None, encoded_labels=False, drift_report=False, raw_score=False, round=4, verbose=True, ml_usecase=MLUsecase.CLASSIFICATION, display=None, drift_kwargs=None)
2022-10-30 01:21:42,061:INFO:Checking exceptions
2022-10-30 01:21:42,062:INFO:Preloading libraries
2022-10-30 01:21:53,706:INFO:Initializing load_model()
2022-10-30 01:21:53,707:INFO:load_model(model_name=Model, platform=None, authentication=None, verbose=True)
2022-10-30 01:22:17,489:INFO:Initializing load_model()
2022-10-30 01:22:17,490:INFO:load_model(model_name=Model, platform=None, authentication=None, verbose=True)
2022-10-30 01:22:38,937:INFO:Initializing load_model()
2022-10-30 01:22:38,938:INFO:load_model(model_name=Model, platform=None, authentication=None, verbose=True)
2022-10-30 01:22:39,120:INFO:Initializing predict_model()
2022-10-30 01:22:39,121:INFO:predict_model(estimator=Pipeline(steps=[('dtypes',
                 DataTypes_Auto_infer(display_types=False,
                                      ml_usecase='classification',
                                      target='isFraud')),
                ('imputer',
                 Iterative_Imputer(classifier=LGBMClassifier(random_state=123),
                                   max_iter=5, ordinal_columns=[],
                                   random_state=123,
                                   regressor=LGBMRegressor(random_state=123),
                                   target='isFraud')),
                ('new_levels1',
                 New_Catagorical_Levels_in_TestData(repla...
                ('P_transform', 'passthrough'), ('binn', 'passthrough'),
                ('rem_outliers', 'passthrough'), ('cluster_all', 'passthrough'),
                ('dummy', Dummify(target='isFraud')),
                ('fix_perfect', Remove_100(target='isFraud')),
                ('clean_names', Clean_Colum_Names()),
                ('feature_select', 'passthrough'), ('fix_multi', 'passthrough'),
                ('dfs', 'passthrough'), ('pca', 'passthrough'),
                ['trained_model', DecisionTreeClassifier(random_state=123)]]), probability_threshold=None, encoded_labels=False, drift_report=False, raw_score=False, round=4, verbose=True, ml_usecase=MLUsecase.CLASSIFICATION, display=None, drift_kwargs=None)
2022-10-30 01:22:39,122:INFO:Checking exceptions
2022-10-30 01:22:39,124:INFO:Preloading libraries
2022-10-30 01:27:32,187:INFO:Initializing load_model()
2022-10-30 01:27:32,189:INFO:load_model(model_name=Model, platform=None, authentication=None, verbose=True)
2022-10-30 01:27:35,906:INFO:Initializing load_model()
2022-10-30 01:27:35,908:INFO:load_model(model_name=Model, platform=None, authentication=None, verbose=True)
2022-10-30 01:27:41,014:INFO:Initializing load_model()
2022-10-30 01:27:41,014:INFO:load_model(model_name=Model, platform=None, authentication=None, verbose=True)
2022-10-30 01:27:41,214:INFO:Initializing predict_model()
2022-10-30 01:27:41,215:INFO:predict_model(estimator=Pipeline(steps=[('dtypes',
                 DataTypes_Auto_infer(display_types=False,
                                      ml_usecase='classification',
                                      target='isFraud')),
                ('imputer',
                 Iterative_Imputer(classifier=LGBMClassifier(random_state=123),
                                   max_iter=5, ordinal_columns=[],
                                   random_state=123,
                                   regressor=LGBMRegressor(random_state=123),
                                   target='isFraud')),
                ('new_levels1',
                 New_Catagorical_Levels_in_TestData(repla...
                ('P_transform', 'passthrough'), ('binn', 'passthrough'),
                ('rem_outliers', 'passthrough'), ('cluster_all', 'passthrough'),
                ('dummy', Dummify(target='isFraud')),
                ('fix_perfect', Remove_100(target='isFraud')),
                ('clean_names', Clean_Colum_Names()),
                ('feature_select', 'passthrough'), ('fix_multi', 'passthrough'),
                ('dfs', 'passthrough'), ('pca', 'passthrough'),
                ['trained_model', DecisionTreeClassifier(random_state=123)]]), probability_threshold=None, encoded_labels=False, drift_report=False, raw_score=False, round=4, verbose=True, ml_usecase=MLUsecase.CLASSIFICATION, display=None, drift_kwargs=None)
2022-10-30 01:27:41,215:INFO:Checking exceptions
2022-10-30 01:27:41,216:INFO:Preloading libraries
2022-10-30 01:27:44,440:INFO:Initializing load_model()
2022-10-30 01:27:44,441:INFO:load_model(model_name=Model, platform=None, authentication=None, verbose=True)
2022-10-30 01:27:55,827:INFO:Initializing load_model()
2022-10-30 01:27:55,828:INFO:load_model(model_name=Model, platform=None, authentication=None, verbose=True)
2022-10-30 01:28:05,790:INFO:Initializing load_model()
2022-10-30 01:28:05,790:INFO:load_model(model_name=Model, platform=None, authentication=None, verbose=True)
2022-10-30 01:28:11,943:INFO:Initializing load_model()
2022-10-30 01:28:11,944:INFO:load_model(model_name=Model, platform=None, authentication=None, verbose=True)
2022-10-30 01:28:12,286:INFO:Initializing load_model()
2022-10-30 01:28:12,286:INFO:load_model(model_name=Model, platform=None, authentication=None, verbose=True)
2022-10-30 01:28:12,464:INFO:Initializing predict_model()
2022-10-30 01:28:12,465:INFO:predict_model(estimator=Pipeline(steps=[('dtypes',
                 DataTypes_Auto_infer(display_types=False,
                                      ml_usecase='classification',
                                      target='isFraud')),
                ('imputer',
                 Iterative_Imputer(classifier=LGBMClassifier(random_state=123),
                                   max_iter=5, ordinal_columns=[],
                                   random_state=123,
                                   regressor=LGBMRegressor(random_state=123),
                                   target='isFraud')),
                ('new_levels1',
                 New_Catagorical_Levels_in_TestData(repla...
                ('P_transform', 'passthrough'), ('binn', 'passthrough'),
                ('rem_outliers', 'passthrough'), ('cluster_all', 'passthrough'),
                ('dummy', Dummify(target='isFraud')),
                ('fix_perfect', Remove_100(target='isFraud')),
                ('clean_names', Clean_Colum_Names()),
                ('feature_select', 'passthrough'), ('fix_multi', 'passthrough'),
                ('dfs', 'passthrough'), ('pca', 'passthrough'),
                ['trained_model', DecisionTreeClassifier(random_state=123)]]), probability_threshold=None, encoded_labels=False, drift_report=False, raw_score=False, round=4, verbose=True, ml_usecase=MLUsecase.CLASSIFICATION, display=None, drift_kwargs=None)
2022-10-30 01:28:12,467:INFO:Checking exceptions
2022-10-30 01:28:12,468:INFO:Preloading libraries
2022-10-30 01:28:23,303:INFO:Initializing load_model()
2022-10-30 01:28:23,304:INFO:load_model(model_name=Model, platform=None, authentication=None, verbose=True)
2022-10-30 01:28:32,191:INFO:Initializing load_model()
2022-10-30 01:28:32,191:INFO:load_model(model_name=Model, platform=None, authentication=None, verbose=True)
2022-10-30 01:28:36,408:INFO:Initializing load_model()
2022-10-30 01:28:36,410:INFO:load_model(model_name=Model, platform=None, authentication=None, verbose=True)
2022-10-30 01:28:36,874:INFO:Initializing load_model()
2022-10-30 01:28:36,876:INFO:load_model(model_name=Model, platform=None, authentication=None, verbose=True)
2022-10-30 01:28:37,049:INFO:Initializing predict_model()
2022-10-30 01:28:37,057:INFO:predict_model(estimator=Pipeline(steps=[('dtypes',
                 DataTypes_Auto_infer(display_types=False,
                                      ml_usecase='classification',
                                      target='isFraud')),
                ('imputer',
                 Iterative_Imputer(classifier=LGBMClassifier(random_state=123),
                                   max_iter=5, ordinal_columns=[],
                                   random_state=123,
                                   regressor=LGBMRegressor(random_state=123),
                                   target='isFraud')),
                ('new_levels1',
                 New_Catagorical_Levels_in_TestData(repla...
                ('P_transform', 'passthrough'), ('binn', 'passthrough'),
                ('rem_outliers', 'passthrough'), ('cluster_all', 'passthrough'),
                ('dummy', Dummify(target='isFraud')),
                ('fix_perfect', Remove_100(target='isFraud')),
                ('clean_names', Clean_Colum_Names()),
                ('feature_select', 'passthrough'), ('fix_multi', 'passthrough'),
                ('dfs', 'passthrough'), ('pca', 'passthrough'),
                ['trained_model', DecisionTreeClassifier(random_state=123)]]), probability_threshold=None, encoded_labels=False, drift_report=False, raw_score=False, round=4, verbose=True, ml_usecase=MLUsecase.CLASSIFICATION, display=None, drift_kwargs=None)
2022-10-30 01:28:37,058:INFO:Checking exceptions
2022-10-30 01:28:37,058:INFO:Preloading libraries
2022-10-30 01:28:49,674:INFO:Initializing load_model()
2022-10-30 01:28:49,675:INFO:load_model(model_name=Model, platform=None, authentication=None, verbose=True)
2022-10-30 01:28:58,301:INFO:Initializing load_model()
2022-10-30 01:28:58,301:INFO:load_model(model_name=Model, platform=None, authentication=None, verbose=True)
